<?xml version="1.0" encoding="UTF-8"?>
<!-- Generated by org.testng.reporters.JUnitReportReporter -->
<testsuite hostname="DevendraS-130398" failures="0" tests="2" name="com_st_pages_test.ratecreationtest" time="278.907" errors="0" timestamp="2023-04-11T16:36:52 IST" skipped="0">
  <testcase classname="com_st_pages_test.ratecreationtest" name="CreatCountryToCountryRateLine" time="139.504"/>
  <system-out/>
  <testcase classname="com_st_pages_test.ratecreationtest" name="CreatCountryToCountryRateLine" time="139.403"/>
  <system-out/>
</testsuite> <!-- com_st_pages_test.ratecreationtest -->
