<?xml version="1.0" encoding="UTF-8"?>
<!-- Generated by org.testng.reporters.JUnitReportReporter -->
<testsuite hostname="DevendraS-130398" failures="0" tests="2" name="com_st_pages_test.homepagetest" time="12.825" errors="0" timestamp="2023-04-02T03:50:56 IST" skipped="0">
  <testcase classname="com_st_pages_test.homepagetest" name="verifyHomePageTitleTest" time="4.579"/>
  <system-out/>
  <testcase classname="com_st_pages_test.homepagetest" name="clickOnRateLine" time="8.246"/>
  <system-out/>
</testsuite> <!-- com_st_pages_test.homepagetest -->
