<?xml version="1.0" encoding="UTF-8"?>
<!-- Generated by org.testng.reporters.JUnitReportReporter -->
<testsuite hostname="DevendraS-130398" failures="0" tests="1" name="com_st_pages_test.ratelistpagetest" time="12.503" errors="0" timestamp="2023-04-02T04:00:47 IST" skipped="0">
  <testcase classname="com_st_pages_test.ratelistpagetest" name="openratelinepage" time="12.503"/>
  <system-out/>
</testsuite> <!-- com_st_pages_test.ratelistpagetest -->
