<?xml version="1.0" encoding="UTF-8"?>
<!-- Generated by org.testng.reporters.JUnitReportReporter -->
<testsuite hostname="DevendraS-130398" failures="0" tests="3" name="com_st_pages_test.LoginPageTest" time="17.124" errors="0" timestamp="2023-05-07T16:34:44 IST" skipped="0">
  <testcase classname="com_st_pages_test.LoginPageTest" name="loginPageURLvalidation" time="4.180"/>
  <system-out/>
  <testcase classname="com_st_pages_test.LoginPageTest" name="logingpageImgLogoTest" time="5.046"/>
  <system-out/>
  <testcase classname="com_st_pages_test.LoginPageTest" name="loginTest" time="7.898"/>
  <system-out/>
</testsuite> <!-- com_st_pages_test.LoginPageTest -->
